<?xml version="1.0" encoding="UTF-8"?>
<!-- Generated by org.testng.reporters.JUnitXMLReporter -->
<testsuite ignored="7" hostname="DESKTOP-VC8FMVO" failures="0" tests="1" name="Default test" time="36.252" errors="0" timestamp="2023-07-01T12:48:29 IST">
  <testcase classname="NetMemTypeProfileTest._1_NetMemTypeProfileTest" name="eleTest" time="1.733"/>
  <testcase classname="NetMemTypeProfileTest._1_NetMemTypeProfileTest" name="saveBtnTest" time="0.0">
    <ignored/>
  </testcase> <!-- saveBtnTest -->
  <testcase classname="NetMemTypeProfileTest._1_NetMemTypeProfileTest" name="JBMLogoTest" time="0.0">
    <ignored/>
  </testcase> <!-- JBMLogoTest -->
  <testcase classname="NetMemTypeProfileTest._1_NetMemTypeProfileTest" name="remarkTest" time="0.0">
    <ignored/>
  </testcase> <!-- remarkTest -->
  <testcase classname="NetMemTypeProfileTest._1_NetMemTypeProfileTest" name="finYearLebalTest" time="0.0">
    <ignored/>
  </testcase> <!-- finYearLebalTest -->
  <testcase classname="NetMemTypeProfileTest._1_NetMemTypeProfileTest" name="shortNemeTest" time="0.0">
    <ignored/>
  </testcase> <!-- shortNemeTest -->
  <testcase classname="NetMemTypeProfileTest._1_NetMemTypeProfileTest" name="netTypeTest" time="0.0">
    <ignored/>
  </testcase> <!-- netTypeTest -->
  <testcase classname="NetMemTypeProfileTest._1_NetMemTypeProfileTest" name="nameTest" time="0.0">
    <ignored/>
  </testcase> <!-- nameTest -->
</testsuite> <!-- Default test -->
