<?xml version="1.0" encoding="UTF-8"?>
<testng-results ignored="7" total="8" passed="1" failed="0" skipped="0">
  <reporter-output>
  </reporter-output>
  <suite started-at="2023-07-01T12:47:53 IST" name="Default suite" finished-at="2023-07-01T12:48:29 IST" duration-ms="36252">
    <groups>
    </groups>
    <test started-at="2023-07-01T12:47:53 IST" name="Default test" finished-at="2023-07-01T12:48:29 IST" duration-ms="36252">
      <class name="NetMemTypeProfileTest._1_NetMemTypeProfileTest">
        <test-method is-config="true" signature="setup()[pri:0, instance:NetMemTypeProfileTest._1_NetMemTypeProfileTest@484970b0]" started-at="2023-07-01T12:47:53 IST" name="setup" finished-at="2023-07-01T12:48:24 IST" duration-ms="31277" status="PASS">
          <reporter-output>
          </reporter-output>
        </test-method> <!-- setup -->
        <test-method signature="eleTest()[pri:4, instance:NetMemTypeProfileTest._1_NetMemTypeProfileTest@484970b0]" started-at="2023-07-01T12:48:24 IST" name="eleTest" finished-at="2023-07-01T12:48:26 IST" duration-ms="1733" status="PASS">
          <reporter-output>
          </reporter-output>
        </test-method> <!-- eleTest -->
        <test-method is-config="true" signature="exit(org.testng.ITestResult)[pri:0, instance:NetMemTypeProfileTest._1_NetMemTypeProfileTest@484970b0]" started-at="2023-07-01T12:48:26 IST" name="exit" finished-at="2023-07-01T12:48:29 IST" duration-ms="3200" status="PASS">
          <params>
            <param index="0">
              <value>
                <![CDATA[[TestResult name=eleTest status=SUCCESS method=_1_NetMemTypeProfileTest.eleTest()[pri:4, instance:NetMemTypeProfileTest._1_NetMemTypeProfileTest@484970b0] output={null}]]]>
              </value>
            </param>
          </params>
          <reporter-output>
          </reporter-output>
        </test-method> <!-- exit -->
      </class> <!-- NetMemTypeProfileTest._1_NetMemTypeProfileTest -->
    </test> <!-- Default test -->
  </suite> <!-- Default suite -->
</testng-results>
